<?xml version="1.0" encoding="UTF-8"?>
<testsuite xmlns:xsi="http://www.w3.org/2001/XMLSchema-instance" xsi:noNamespaceSchemaLocation="https://maven.apache.org/surefire/maven-surefire-plugin/xsd/surefire-test-report-3.0.xsd" version="3.0" name="org.example.NumberAnalyzerTest" time="0.047" tests="7" errors="0" skipped="0" failures="0">
  <properties>
[...]
</properties>
  <testcase name="testPositiveSumWithEvenAndOddNumbers" classname="org.example.NumberAnalyzerTest" time="0.021"/>
  <testcase name="testOnlyOddNumbers" classname="org.example.NumberAnalyzerTest" time="0.002"/>
  <testcase name="testEmptyArray" classname="org.example.NumberAnalyzerTest" time="0.001"/>
  <testcase name="testZeroSumWithEvenAndOddNumbers" classname="org.example.NumberAnalyzerTest" time="0.002"/>
  <testcase name="testOnlyEvenNumbers" classname="org.example.NumberAnalyzerTest" time="0.001"/>
  <testcase name="testNegativeSumWithEvenAndOddNumbers" classname="org.example.NumberAnalyzerTest" time="0.001"/>
  <testcase name="testNullArray" classname="org.example.NumberAnalyzerTest" time="0.0"/>
</testsuite>